\BOOKMARK [1][-]{section.1}{\376\377\172\340\202\202\0001}{}% 1
\BOOKMARK [1][-]{section.2}{\376\377\127\372\170\100\173\227\154\325}{}% 2
\BOOKMARK [2][-]{subsection.2.1}{\376\377\143\222\136\217}{section.2}% 3
\BOOKMARK [3][-]{subsubsection.2.1.1}{\376\377\137\353\220\037\143\222\136\217}{subsection.2.1}% 4
\BOOKMARK [3][-]{subsubsection.2.1.2}{\376\377\137\122\136\166\143\222\136\217}{subsection.2.1}% 5
\BOOKMARK [2][-]{subsection.2.2}{\376\377\133\127\173\046\116\062}{section.2}% 6
\BOOKMARK [3][-]{subsubsection.2.2.1}{\376\377\000K\000M\000P}{subsection.2.2}% 7
\BOOKMARK [3][-]{subsubsection.2.2.2}{\376\377\000M\000a\000n\000a\000c\000h\000e\000r}{subsection.2.2}% 8
\BOOKMARK [1][-]{section.3}{\376\377\145\160\143\156\176\323\147\204}{}% 9
\BOOKMARK [1][-]{section.4}{\376\377\144\034\175\042\116\016\126\376\213\272}{}% 10
\BOOKMARK [1][-]{section.5}{\376\377\145\160\213\272}{}% 11
\BOOKMARK [2][-]{subsection.5.1}{\376\377\215\050\145\160}{section.5}% 12
\BOOKMARK [3][-]{subsubsection.5.1.1}{\376\377\127\303\137\017\173\133}{subsection.5.1}% 13
\BOOKMARK [3][-]{subsubsection.5.1.2}{\376\377\176\277\140\047\173\133}{subsection.5.1}% 14
\BOOKMARK [1][-]{section.6}{\376\377\122\250\140\001\211\304\122\022}{}% 15
\BOOKMARK [2][-]{subsection.6.1}{\376\377\200\314\123\005\225\356\230\230}{section.6}% 16
\BOOKMARK [3][-]{subsubsection.6.1.1}{\376\377\122\006\176\304\200\314\123\005\225\356\230\230}{subsection.6.1}% 17
\BOOKMARK [2][-]{subsection.6.2}{\376\377\176\277\140\047\000D\000P}{section.6}% 18
\BOOKMARK [3][-]{subsubsection.6.2.1}{\376\377\145\160\133\127\116\011\211\322\137\142}{subsection.6.2}% 19
\BOOKMARK [3][-]{subsubsection.6.2.2}{\376\377\147\000\225\177\116\012\123\107\133\120\136\217\122\027}{subsection.6.2}% 20
\BOOKMARK [3][-]{subsubsection.6.2.3}{\376\377\147\000\225\177\116\012\123\107\133\120\136\217\122\027\000i\000i}{subsection.6.2}% 21
\BOOKMARK [1][-]{section.7}{\376\377\145\345\136\070\147\102\230\171}{}% 22
\BOOKMARK [2][-]{subsection.7.1}{\376\377\145\160\133\146\145\271\154\325}{section.7}% 23
\BOOKMARK [3][-]{subsubsection.7.1.1}{\376\377\126\333\202\015\116\224\121\145\116\016\123\326\145\164}{subsection.7.1}% 24
\BOOKMARK [1][-]{appendix.A}{\376\377\226\104\137\125\0001}{}% 25
\BOOKMARK [2][-]{subsection.A.1}{\376\377\226\104\137\125\0001\000-\0001}{appendix.A}% 26
